#@ Row 1, Column 1: String data, right truncation @#
9		20090930	3	CAD	1272000000.0000	
0000016868-09-000051	OperatingExpenses	us-gaap/2009		20080930	1	CAD	1413000000.0000	
0000016868-09-000051	OperatingExpenses	us-gaap/2009		20080930	3	CAD	4208000000.0000	
0000016868-09-000051	OperatingExpenses	us-gaap/2009		20090930	1	CAD	1156000000.0000	
0000016868-09-000051	OperatingExpenses	us-gaap/2009		20090930	3	CAD	3732000000.0000	
0000016868-09-000051	OperatingIncomeLoss	us-gaap/2009		20080930	1	CAD	844000000.0000	
0000016868-09-000051	OperatingIncomeLoss	us-gaap/	000466	CashAndCashEquivalentsAtCarryingValue	us-gaap/2009		20081231	0	USD	2736000000.0000	All short-term investments, which consist primarily of highly liquid investments with original maturities of three months or less, are considered to be cash equivalents.
0000018230-09-000466	CashAndCashEquivalentsAtCarryingValue	us-gaap/2009		20090930	0	USD	4188000000.0000	
0000018230-09-000466	CashAndCashEquivalentsPeriodIncreaseDecrease	us-gaap/2009		20080930	3	USD	1016000000.0000	
0000018230-09-000466	CashAndCashE	000018230-09-000466	InventoryNet	us-gaap/2009		20081231	0	USD	8781000000.0000	
0000018230-09-000466	InventoryNet	us-gaap/2009		20090930	0	USD	6815000000.0000	
0000018230-09-000466	InvestmentsInAffiliatesSubsidiariesAssociatesAndJointVentures	us-gaap/2009		20081231	0	USD	94000000.0000	
0000018230-09-000466	InvestmentsInAffiliatesSubsidiariesAssociatesAndJointVentures	us-gaap/2009		20090930	0	USD	101000000.0000	
0000018230-09-000466	Liabilities	us-gaap/2009		20081231	0	USD	61068000000.0000	
0000018230-09-00	MinorityShareholders	us-gaap/2009		20080930	3	USD	0.0000	
0000018230-09-000466	PaymentsToMinorityShareholders	us-gaap/2009		20090930	3	USD	6000000.0000	
0000018230-09-000466	PrepaidExpensesAndOtherCurrentAssets	0000018230-09-000466		20081231	0	USD	765000000.0000	
0000018230-09-000466	PrepaidExpensesAndOtherCurrentAssets	0000018230-09-000466		20090930	0	USD	448000000.0000	
0000018230-09-000466	ProceedsFromIssuanceOrSaleOfEquity	us-gaap/2009		20080930	3	USD	128000000.0000	
0000018230-09-000466	ProceedsFromI	ockParOrStatedValuePerShare	us-gaap/2009		20081231	0	USD	0.5000	
0000024741-09-000043	CommonStockParOrStatedValuePerShare	us-gaap/2009		20090930	0	USD	0.5000	
0000024741-09-000043	CommonStockSharesAuthorized	us-gaap/2009		20081231	0	shares	3800000000.0000	
0000024741-09-000043	CommonStockSharesAuthorized	us-gaap/2009		20090930	0	shares	3800000000.0000	
0000024741-09-000043	CommonStockSharesIssued	us-gaap/2009		20081231	0	shares	1609000000.0000	
0000024741-09-000043	CommonStockSharesIssued	us-gaap/2009		20	tOfTax	us-gaap/2009		20090930	3	USD	1252000000.0000	
0000029915-09-000074	ComprehensiveIncomeNetOfTaxAttributableToNoncontrollingInterest	us-gaap/2009		20080930	1	USD	20000000.0000	
0000029915-09-000074	ComprehensiveIncomeNetOfTaxAttributableToNoncontrollingInterest	us-gaap/2009		20080930	3	USD	63000000.0000	
0000029915-09-000074	ComprehensiveIncomeNetOfTaxAttributableToNoncontrollingInterest	us-gaap/2009		20090930	1	USD	-1000000.0000	
0000029915-09-000074	ComprehensiveIncomeNetOfTaxAttributableToNoncontr	9-000074	PreferredStockValueOutstanding	us-gaap/2009		20090930	0	USD	4000000000.0000	
0000029915-09-000074	ProceedsFromIssuanceOfCommonStock	us-gaap/2009		20080930	3	USD	0.0000	
0000029915-09-000074	ProceedsFromIssuanceOfCommonStock	us-gaap/2009		20090930	3	USD	966000000.0000	
0000029915-09-000074	ProceedsFromIssuanceOfLongTermDebt	us-gaap/2009		20080930	3	USD	1265000000.0000	
0000029915-09-000074	ProceedsFromIssuanceOfLongTermDebt	us-gaap/2009		20090930	3	USD	8005000000.0000	
0000029915-09-000074	Proceed	383458972231953.2081	1231	0	USD	1235496000.0000	
0000037748-09-000051	AssetsCurrent	us-gaap/2009		20090930	0	USD	1276119000.0000	
0000037748-09-000051	CashAndCashEquivalentsAtCarryingValue	us-gaap/2009		20071231	0	USD	365220000.0000	
0000037748-09-000051	CashAndCashEquivalentsAtCarryingValue	us-gaap/2009		20080930	0	USD	666332000.0000	
0000037748-09-000051	CashAndCashEquivalentsAtCarryingValue	us-gaap/2009		20081231	0	USD	606997000.0000	
0000037748-09-000051	CashAndCashEquivalentsAtCarryingValue	us-gaap/2009		20090930	0	USD	6
#@ Row 2, Column 1: String data, right truncation @#
et	us-gaap/2009		20090930	3	USD	492000000.0000	
0000029915-09-000074	InterestExpenseAndAmortizationOfDebtDiscount	0000029915-09-000074		20080930	1	USD	160000000.0000	
0000029915-09-000074	InterestExpenseAndAmortizationOfDebtDiscount	0000029915-09-000074		20080930	3	USD	456000000.0000	
0000029915-09-000074	InterestExpenseAndAmortizationOfDebtDiscount	0000029915-09-000074		20090930	1	USD	488000000.0000	
0000029915-09-000074	InterestExpenseAndAmortizationOfDebtDiscount	0000029915-09-000074		20090930	3	USD	11	09-000074	RetainedEarningsOther	0000029915-09-000074		20090930	3	USD	-6000000.0000	
0000029915-09-000074	SaleOfSharesToEsop	0000029915-09-000074		20080930	3	USD	0.0000	
0000029915-09-000074	SaleOfSharesToEsop	0000029915-09-000074		20090930	3	USD	-1529000000.0000	
0000029915-09-000074	SaleOfTreasurySharesToEsop	0000029915-09-000074		20080930	3	USD	0.0000	
0000029915-09-000074	SaleOfTreasurySharesToEsop	0000029915-09-000074		20090930	3	USD	1529000000.0000	
0000029915-09-000074	SalesRevenueNet	us-gaap/2009				3	USD	-11798000.0000	
0000037748-09-000051	DeferredIncomeTaxExpenseBenefit	us-gaap/2009		20090930	3	USD	10122000.0000	
0000037748-09-000051	DeferredTaxLiabilitiesNoncurrent	us-gaap/2009		20081231	0	USD	177294000.0000	
0000037748-09-000051	DeferredTaxLiabilitiesNoncurrent	us-gaap/2009		20090930	0	USD	189261000.0000	
0000037748-09-000051	DefinedBenefitPensionPlanLiabilitiesNoncurrent	us-gaap/2009		20081231	0	USD	63304000.0000	
0000037748-09-000051	DefinedBenefitPensionPlanLiabilitiesNoncurrent	us-gaap/2009	00	
0000037748-09-000051	OtherOperatingIncome	us-gaap/2009		20080930	3	USD	63188000.0000	
0000037748-09-000051	OtherOperatingIncome	us-gaap/2009		20090930	1	USD	38936000.0000	
0000037748-09-000051	OtherOperatingIncome	us-gaap/2009		20090930	3	USD	72504000.0000	
0000037748-09-000051	PaymentsForProceedsFromShortTermInvestments	us-gaap/2009		20080930	3	USD	0.0000	
0000037748-09-000051	PaymentsForProceedsFromShortTermInvestments	us-gaap/2009		20090930	3	USD	24262000.0000	
0000037748-09-000051	PaymentsOfDivide	38074-09-000048	DeferredTaxAssetsNetNoncurrent	us-gaap/2009		20090930	0	USD	99799000.0000	
0000038074-09-000048	Depreciation	us-gaap/2009		20080930	2	USD	22754000.0000	
0000038074-09-000048	Depreciation	us-gaap/2009		20090930	2	USD	22618000.0000	
0000038074-09-000048	EarningsPerShareBasic	us-gaap/2009		20080930	1	USD	0.8000	
0000038074-09-000048	EarningsPerShareBasic	us-gaap/2009		20080930	2	USD	1.5900	
0000038074-09-000048	EarningsPerShareBasic	us-gaap/2009		20090930	1	USD	0.6200	
0000038074-09-000048	Ea	D	332500000.0000	
0000038074-09-000048	ResearchAndDevelopmentExpense	us-gaap/2009		20080930	1	USD	146357000.0000	
0000038074-09-000048	ResearchAndDevelopmentExpense	us-gaap/2009		20080930	2	USD	258469000.0000	
0000038074-09-000048	ResearchAndDevelopmentExpense	us-gaap/2009		20090930	1	USD	263079000.0000	
0000038074-09-000048	ResearchAndDevelopmentExpense	us-gaap/2009		20090930	2	USD	410205000.0000	
0000038074-09-000048	RetainedEarningsAccumulatedDeficit	us-gaap/2009		20090331	0	USD	6379236000.0000	
000003	000040545-09-000071	CostAndExpensesAll	0000040545-09-000071	SubsidiariesGECS	20090930	1	USD	13743000000.0000	
0000040545-09-000071	CostAndExpensesAll	0000040545-09-000071	SubsidiariesGECS	20090930	3	USD	42069000000.0000	
0000040545-09-000071	CostOfGoodsSold	us-gaap/2009		20080930	1	USD	14184000000.0000	
0000040545-09-000071	CostOfGoodsSold	us-gaap/2009		20080930	3	USD	39977000000.0000	
0000040545-09-000071	CostOfGoodsSold	us-gaap/2009		20090930	1	USD	11775000000.0000	
0000040545-09-000071	CostOfGoodsSold		824198467248110.9353	0040545-09-000071		20080930	1	USD	0.0000	
0000040545-09-000071	IncomeLossFromContinuingOperationsGECS	0000040545-09-000071		20080930	3	USD	0.0000	
0000040545-09-000071	IncomeLossFromContinuingOperationsGECS	0000040545-09-000071		20090930	1	USD	0.0000	
0000040545-09-000071	IncomeLossFromContinuingOperationsGECS	0000040545-09-000071		20090930	3	USD	0.0000	
0000040545-09-000071	IncomeLossFromContinuingOperationsGECS	0000040545-09-000071	Subsidiaries	20080930	1	USD	2010000000.0000	
0000040545-09-000071	Income
#@ Row 3, Column 1: String data, right truncation @#
resents the adding together of all affiliated companies except General Electric Capital Services, Inc. (GECS or financial services) which is presented on a one-line basis.
0000040545-09-000071	SalesRevenueServicesNet	us-gaap/2009	Subsidiaries	20090930	3	USD	31159000000.0000	
0000040545-09-000071	SalesRevenueServicesNet	us-gaap/2009	SubsidiariesGECS	20080930	1	USD	0.0000	
0000040545-09-000071	SalesRevenueServicesNet	us-gaap/2009	SubsidiariesGECS	20080930	3	USD	0.0000	
0000040545-09-000071	SalesRevenueServi	45-09-000074	FinancialServicesRevenue	us-gaap/2009	Subsidiaries	20090930	1	USD	0.0000	
0000040545-09-000074	FinancialServicesRevenue	us-gaap/2009	Subsidiaries	20090930	3	USD	0.0000	
0000040545-09-000074	FinancialServicesRevenue	us-gaap/2009	SubsidiariesGECS	20080930	1	USD	17852000000.0000	
0000040545-09-000074	FinancialServicesRevenue	us-gaap/2009	SubsidiariesGECS	20080930	3	USD	54027000000.0000	
0000040545-09-000074	FinancialServicesRevenue	us-gaap/2009	SubsidiariesGECS	20090930	1	USD	12533000000.0000	
0	le	us-gaap/2009	Subsidiaries	20080930	3	USD	444000000.0000	
0000040545-09-000074	IncreaseDecreaseInAccountsPayable	us-gaap/2009	Subsidiaries	20090930	3	USD	-869000000.0000	
0000040545-09-000074	IncreaseDecreaseInAccountsPayable	us-gaap/2009	SubsidiariesGECS	20080930	3	USD	-669000000.0000	
0000040545-09-000074	IncreaseDecreaseInAccountsPayable	us-gaap/2009	SubsidiariesGECS	20090930	3	USD	-1288000000.0000	
0000040545-09-000074	IncreaseDecreaseInAccountsReceivable	us-gaap/2009		20080930	3	USD	1344000000.0000	ries	20080930	3	USD	1984000000.0000	
0000040545-09-000074	NonoperatingIncomeExpense	us-gaap/2009	Subsidiaries	20090930	1	USD	476000000.0000	See Note 3 for other-than-temporary impairment amounts.
0000040545-09-000074	NonoperatingIncomeExpense	us-gaap/2009	Subsidiaries	20090930	3	USD	1035000000.0000	
0000040545-09-000074	NonoperatingIncomeExpense	us-gaap/2009	SubsidiariesGECS	20080930	1	USD	0.0000	
0000040545-09-000074	NonoperatingIncomeExpense	us-gaap/2009	SubsidiariesGECS	20080930	3	USD	0.0000	
000004054	0	USD	16337000000.0000	
0000045012-09-000390	AssetsCurrent	us-gaap/2009		20081231	0	USD	7411000000.0000	
0000045012-09-000390	AssetsCurrent	us-gaap/2009		20090930	0	USD	8699000000.0000	
0000045012-09-000390	AvailableForSaleSecuritiesCurrent	us-gaap/2009		20081231	0	USD	0.0000	
0000045012-09-000390	AvailableForSaleSecuritiesCurrent	us-gaap/2009		20090930	0	USD	1515000000.0000	
0000045012-09-000390	CashAndCashEquivalentsAtCarryingValue	us-gaap/2009		20071231	0	USD	1847000000.0000	
0000045012-09-000390	CashA	9		20090930	1	USD	796000000.0000	
0000045012-09-000390	CostOfGoodsSold	us-gaap/2009		20090930	3	USD	2431000000.0000	
0000045012-09-000390	CostOfServices	us-gaap/2009		20080930	1	USD	2670000000.0000	
0000045012-09-000390	CostOfServices	us-gaap/2009		20080930	3	USD	7423000000.0000	
0000045012-09-000390	CostOfServices	us-gaap/2009		20090930	1	USD	2270000000.0000	
0000045012-09-000390	CostOfServices	us-gaap/2009		20090930	3	USD	6845000000.0000	
0000045012-09-000390	CostsAndExpenses	us-gaap/2009		20080930	1	US	UsedInInvestingActivities	us-gaap/2009		20080930	3	USD	-1229000000.0000	
0000045012-09-000390	NetCashProvidedByUsedInInvestingActivities	us-gaap/2009		20090930	3	USD	-2852000000.0000	
0000045012-09-000390	NetCashProvidedByUsedInOperatingActivities	us-gaap/2009		20080930	3	USD	1647000000.0000	
0000045012-09-000390	NetCashProvidedByUsedInOperatingActivities	us-gaap/2009		20090930	3	USD	1630000000.0000	
0000045012-09-000390	NetIncomeLoss	us-gaap/2009		20080930	1	USD	672000000.0000	
0000045012-09-000390	NetIn	405132672136781.5730	aap/2009		20081231	0	USD	1457732000.0000	
0000049826-09-000091	BuildingsAndImprovementsGross	us-gaap/2009		20090930	0	USD	1532356000.0000	
0000049826-09-000091	CashAndCashEquivalentsAtCarryingValue	us-gaap/2009		20071231	0	USD	827524000.0000	
0000049826-09-000091	CashAndCashEquivalentsAtCarryingValue	us-gaap/2009		20080930	0	USD	867618000.0000	
0000049826-09-000091	CashAndCashEquivalentsAtCarryingValue	us-gaap/2009		20081231	0	USD	742950000.0000	
0000049826-09-000091	CashAndCashEquivalentsAtCarryingValue	
#@ Row 4, Column 1: String data, right truncation @#
09-000091	DeferredTaxAssetsNetCurrent	us-gaap/2009		20090930	0	USD	243284000.0000	
0000049826-09-000091	DeferredTaxAssetsNetNoncurrent	us-gaap/2009		20081231	0	USD	75999000.0000	
0000049826-09-000091	DeferredTaxAssetsNetNoncurrent	us-gaap/2009		20090930	0	USD	81870000.0000	
0000049826-09-000091	DeferredTaxLiabilitiesNoncurrent	us-gaap/2009		20081231	0	USD	125089000.0000	
0000049826-09-000091	DeferredTaxLiabilitiesNoncurrent	us-gaap/2009		20090930	0	USD	71468000.0000	
0000049826-09-000091	Depreciation	us-g	etCashProvidedByUsedInOperatingActivities	us-gaap/2009		20090930	3	USD	1640279000.0000	
0000049826-09-000091	NonoperatingIncomeExpense	us-gaap/2009		20080930	1	USD	16763000.0000	
0000049826-09-000091	NonoperatingIncomeExpense	us-gaap/2009		20080930	3	USD	19924000.0000	
0000049826-09-000091	NonoperatingIncomeExpense	us-gaap/2009		20090930	1	USD	11139000.0000	
0000049826-09-000091	NonoperatingIncomeExpense	us-gaap/2009		20090930	3	USD	-13041000.0000	
0000049826-09-000091	OperatingIncomeLoss	us-gaap/2009		20		us-gaap/2009		20090930	1	USD	67000000.0000	
0000055785-09-000039	InterestExpense	us-gaap/2009		20090930	3	USD	211000000.0000	
0000055785-09-000039	InventoryNet	us-gaap/2009		20081231	0	USD	2493000000.0000	
0000055785-09-000039	InventoryNet	us-gaap/2009		20090930	0	USD	2014000000.0000	
0000055785-09-000039	InvestmentIncomeInterest	us-gaap/2009		20080930	1	USD	15000000.0000	
0000055785-09-000039	InvestmentIncomeInterest	us-gaap/2009		20080930	3	USD	31000000.0000	
0000055785-09-000039	InvestmentIncomeIntere	Securities	us-gaap/2009		20080930	3	USD	533000000.0000	
0000059558-09-000148	IncreaseDecreaseInCashCollateralForLoanedSecurities	us-gaap/2009		20090930	3	USD	-1466000000.0000	
0000059558-09-000148	IncreaseDecreaseInPremiumsReceivable	us-gaap/2009		20080930	3	USD	47000000.0000	
0000059558-09-000148	IncreaseDecreaseInPremiumsReceivable	us-gaap/2009		20090930	3	USD	244000000.0000	
0000059558-09-000148	InsuranceFees	0000059558-09-000148		20080930	1	USD	754000000.0000	
0000059558-09-000148	InsuranceFees	000005	0000060667-09-000160	IncomeTaxExpenseBenefit	us-gaap/2009		20081031	1	USD	290000000.0000	
0000060667-09-000160	IncomeTaxExpenseBenefit	us-gaap/2009		20081031	3	USD	1214000000.0000	
0000060667-09-000160	IncomeTaxExpenseBenefit	us-gaap/2009		20091031	1	USD	184000000.0000	
0000060667-09-000160	IncomeTaxExpenseBenefit	us-gaap/2009		20091031	3	USD	926000000.0000	
0000060667-09-000160	IncreaseDecreaseInAccountsPayableTrade	us-gaap/2009		20081031	3	USD	1124000000.0000	
0000060667-09-000160	IncreaseDecreaseInAcco	-000160	LongTermDebtCurrent	us-gaap/2009		20081031	0	USD	34000000.0000	
0000060667-09-000160	LongTermDebtCurrent	us-gaap/2009		20090131	0	USD	34000000.0000	
0000060667-09-000160	LongTermDebtCurrent	us-gaap/2009		20091031	0	USD	553000000.0000	
0000060667-09-000160	LongTermDebtNoncurrent	us-gaap/2009		20081031	0	USD	5044000000.0000	
0000060667-09-000160	LongTermDebtNoncurrent	us-gaap/2009		20090131	0	USD	5039000000.0000	
0000060667-09-000160	LongTermDebtNoncurrent	us-gaap/2009		20091031	0	USD	4524000000.000	apitalLeasedAssetsGross	us-gaap/2009		20090930	0	USD	744432000.0000	
0000065984-09-000219	CapitalLeaseObligationsCurrent	us-gaap/2009		20081231	0	USD	162393000.0000	
0000065984-09-000219	CapitalLeaseObligationsCurrent	us-gaap/2009		20090930	0	USD	162893000.0000	
0000065984-09-000219	CapitalLeaseObligationsNoncurrent	us-gaap/2009		20081231	0	USD	343093000.0000	
0000065984-09-000219	CapitalLeaseObligationsNoncurrent	us-gaap/2009		20090930	0	USD	374177000.0000	
0000065984-09-000219	Cash	us-gaap/2009		2008123	354523365235177.4768	-gaap/2009		20080930	1	USD	470289000.0000	
0000065984-09-000219	NetIncomeLoss	us-gaap/2009		20080930	3	USD	1049992000.0000	
0000065984-09-000219	NetIncomeLoss	us-gaap/2009		20090930	1	USD	455169000.0000	
0000065984-09-000219	NetIncomeLoss	us-gaap/2009		20090930	3	USD	917317000.0000	
0000065984-09-000219	NonoperatingIncomeExpense	us-gaap/2009		20080930	1	USD	47470000.0000	
0000065984-09-000219	NonoperatingIncomeExpense	us-gaap/2009		20080930	3	USD	132381000.0000	
0000065984-09-000219	NonoperatingIncomeExpe
#@ Row 5, Column 1: String data, right truncation @#
fCommonStock	us-gaap/2009		20090930	3	USD	613125000.0000	
0000065984-09-000219	PaymentsForRepurchaseOfPreferredStockAndPreferenceStock	us-gaap/2009		20080930	3	USD	0.0000	
0000065984-09-000219	PaymentsForRepurchaseOfPreferredStockAndPreferenceStock	us-gaap/2009		20090930	3	USD	1847000.0000	
0000065984-09-000219	PaymentsOfDividendsCommonStock	us-gaap/2009		20080930	3	USD	431032000.0000	
0000065984-09-000219	PaymentsOfDividendsCommonStock	us-gaap/2009		20090930	3	USD	435178000.0000	
0000065984-09-000219	Pay	D	28572000.0000	
0000067716-09-000130	DividendsPayableCurrentAndNoncurrent	us-gaap/2009		20081231	0	USD	28640000.0000	
0000067716-09-000130	DividendsPayableCurrentAndNoncurrent	us-gaap/2009		20090930	0	USD	29012000.0000	
0000067716-09-000130	EarningsLossOnCommonStock	0000067716-09-000130		20080930	1	USD	118211000.0000	
0000067716-09-000130	EarningsLossOnCommonStock	0000067716-09-000130		20080930	3	USD	304426000.0000	
0000067716-09-000130	EarningsLossOnCommonStock	0000067716-09-000130		20090930	1	USD	92413	apital	us-gaap/2009		20090930	0	USD	2244000000.0000	
0000072207-09-000038	AllocatedShareBasedCompensationExpense	us-gaap/2009		20080930	3	USD	30000000.0000	
0000072207-09-000038	AllocatedShareBasedCompensationExpense	us-gaap/2009		20090930	3	USD	37000000.0000	
0000072207-09-000038	Assets	us-gaap/2009		20081231	0	USD	12384000000.0000	
0000072207-09-000038	Assets	us-gaap/2009		20090930	0	USD	11635000000.0000	
0000072207-09-000038	AssetsCurrent	us-gaap/2009		20081231	0	USD	2158000000.0000	
0000072207-09-0000		USD	989000000.0000	
0000072207-09-000038	ProceedsFromLongTermLinesOfCredit	us-gaap/2009		20080930	3	USD	650000000.0000	
0000072207-09-000038	ProceedsFromLongTermLinesOfCredit	us-gaap/2009		20090930	3	USD	340000000.0000	
0000072207-09-000038	ProceedsFromSaleOfOilAndGasPropertyAndEquipment	us-gaap/2009		20080930	3	USD	131000000.0000	
0000072207-09-000038	ProceedsFromSaleOfOilAndGasPropertyAndEquipment	us-gaap/2009		20090930	3	USD	0.0000	
0000072207-09-000038	ProceedsFromShortTermDebt	us-gaap/2009		20080930	p/2009		20080930	3	USD	28329000.0000	
0000085408-09-000048	GainLossOnSaleOfPropertyPlantEquipment	us-gaap/2009		20090930	1	USD	-305000.0000	
0000085408-09-000048	GainLossOnSaleOfPropertyPlantEquipment	us-gaap/2009		20090930	3	USD	4336000.0000	
0000085408-09-000048	IncomeLossFromContinuingOperationsBeforeIncomeTaxesMinorityInterestAndIncomeLossFromEquityMethodInvestments	us-gaap/2009		20080930	1	USD	171333000.0000	
0000085408-09-000048	IncomeLossFromContinuingOperationsBeforeIncomeTaxesMinorityInterestAndI	62	AssetRetirementObligationsNoncurrent	us-gaap/2009	ParentCompany	20090930	0	USD	1212000000.0000	
0000086521-09-000062	AssetRetirementObligationsNoncurrent	us-gaap/2009	SanDiegoGasAndElectricCompanyAndSubsidiary	20081231	0	USD	550000000.0000	
0000086521-09-000062	AssetRetirementObligationsNoncurrent	us-gaap/2009	SanDiegoGasAndElectricCompanyAndSubsidiary	20090930	0	USD	575000000.0000	
0000086521-09-000062	AssetRetirementObligationsNoncurrent	us-gaap/2009	SouthernCaliforniaGasCompany	20081231	0	USD	581000	09	SanDiegoGasAndElectricCompanyAndSubsidiary	20090930	0	USD	54000000.0000	
0000086521-09-000062	CustomerDepositsCurrent	us-gaap/2009	SouthernCaliforniaGasCompany	20081231	0	USD	114000000.0000	
0000086521-09-000062	CustomerDepositsCurrent	us-gaap/2009	SouthernCaliforniaGasCompany	20090930	0	USD	89000000.0000	
0000086521-09-000062	DecommissioningFundInvestments	us-gaap/2009	ParentCompany	20081231	0	USD	577000000.0000	
0000086521-09-000062	DecommissioningFundInvestments	us-gaap/2009	ParentCompany	20090930	0	716109288374857.8921	-09-000062	EmployeeRelatedLiabilitiesCurrent	us-gaap/2009	PacificEnterprises	20090930	0	USD	81000000.0000	
0000086521-09-000062	EmployeeRelatedLiabilitiesCurrent	us-gaap/2009	ParentCompany	20081231	0	USD	280000000.0000	
0000086521-09-000062	EmployeeRelatedLiabilitiesCurrent	us-gaap/2009	ParentCompany	20090930	0	USD	221000000.0000	
0000086521-09-000062	EmployeeRelatedLiabilitiesCurrent	us-gaap/2009	SanDiegoGasAndElectricCompanyAndSubsidiary	20081231	0	USD	105000000.0000	
0000086521-09-000062	EmployeeRelate
#@ Row 6, Column 1: String data, right truncation @#
521-09-000062	PacificEnterprises	20081231	0	USD	1218000000.0000	
0000086521-09-000062	RegulatoryLiabilitiesArisingFromRemovalObligations	0000086521-09-000062	PacificEnterprises	20090930	0	USD	1238000000.0000	
0000086521-09-000062	RegulatoryLiabilitiesArisingFromRemovalObligations	0000086521-09-000062	ParentCompany	20081231	0	USD	2430000000.0000	
0000086521-09-000062	RegulatoryLiabilitiesArisingFromRemovalObligations	0000086521-09-000062	ParentCompany	20090930	0	USD	2546000000.0000	
0000086521-09-000062	Re	urchased	us-gaap/2009	PacificEnterprises	20090930	1	USD	180000000.0000	
0000086521-09-000062	UtilitiesOperatingExpenseGasAndPetroleumPurchased	us-gaap/2009	PacificEnterprises	20090930	3	USD	849000000.0000	
0000086521-09-000062	UtilitiesOperatingExpenseGasAndPetroleumPurchased	us-gaap/2009	SanDiegoGasAndElectricCompanyAndSubsidiary	20080930	1	USD	84000000.0000	
0000086521-09-000062	UtilitiesOperatingExpenseGasAndPetroleumPurchased	us-gaap/2009	SanDiegoGasAndElectricCompanyAndSubsidiary	20080930	3	USD	34900	-09-000089	IncomeTaxExpenseBenefit	us-gaap/2009		20090930	1	USD	435947000.0000	
0000092122-09-000089	IncomeTaxExpenseBenefit	us-gaap/2009		20090930	3	USD	828833000.0000	
0000092122-09-000089	IncreaseDecreaseInAccountsPayable	us-gaap/2009		20080930	3	USD	-45079000.0000	
0000092122-09-000089	IncreaseDecreaseInAccountsPayable	us-gaap/2009		20090930	3	USD	-210459000.0000	
0000092122-09-000089	IncreaseDecreaseInAccruedSalaries	us-gaap/2009		20080930	3	USD	-86436000.0000	
0000092122-09-000089	IncreaseDecreaseIn	ivesArisingDuringPeriodNetOfTax	us-gaap/2009		20090930	1	USD	-2151000.0000	
0000092122-09-000089	OtherComprehensiveIncomeUnrealizedGainLossOnDerivativesArisingDuringPeriodNetOfTax	us-gaap/2009		20090930	3	USD	-3815000.0000	
0000092122-09-000089	OtherComprehensiveIncomeUnrealizedGainLossOnDerivativesArisingDuringPeriodTax	us-gaap/2009		20080930	1	USD	11996000.0000	
0000092122-09-000089	OtherComprehensiveIncomeUnrealizedGainLossOnDerivativesArisingDuringPeriodTax	us-gaap/2009		20080930	3	USD	579000.0000	
00	000045	InterestPaidNet	us-gaap/2009		20090630	1	USD	42000000.0000	
0000092380-09-000045	InterestPaidNet	us-gaap/2009		20090630	2	USD	78000000.0000	
0000092380-09-000045	InventoriesOfPartsAndSuppliesAtCost	0000092380-09-000045		20081231	0	USD	203000000.0000	
0000092380-09-000045	InventoriesOfPartsAndSuppliesAtCost	0000092380-09-000045		20090630	0	USD	200000000.0000	
0000092380-09-000045	InvestmentIncomeInterest	us-gaap/2009		20080630	1	USD	-5000000.0000	
0000092380-09-000045	InvestmentIncomeInterest	us-gaa	92380-09-000045	ProceedsFromStockPlans	us-gaap/2009		20090630	2	USD	8000000.0000	
0000092380-09-000045	PropertyPlantAndEquipmentGross	us-gaap/2009		20081231	0	USD	15871000000.0000	
0000092380-09-000045	PropertyPlantAndEquipmentGross	us-gaap/2009		20090630	0	USD	15743000000.0000	
0000092380-09-000045	PropertyPlantAndEquipmentNet	us-gaap/2009		20081231	0	USD	11040000000.0000	
0000092380-09-000045	PropertyPlantAndEquipmentNet	us-gaap/2009		20090630	0	USD	10661000000.0000	
0000092380-09-000045	RepaymentsOfLin	2380-09-000048	FuelDerivativeInstruments	0000092380-09-000048		20080930	1	USD	307000000.0000	
0000092380-09-000048	FuelDerivativeInstruments	0000092380-09-000048		20080930	3	USD	17000000.0000	
0000092380-09-000048	FuelDerivativeInstruments	0000092380-09-000048		20090930	1	USD	12000000.0000	
0000092380-09-000048	FuelDerivativeInstruments	0000092380-09-000048		20090930	3	USD	79000000.0000	
0000092380-09-000048	GroundPropertyAndEquipment	0000092380-09-000048		20081231	0	USD	1769000000.0000	
0000092380-09-000	838723681961430.4627	-09-000048	ProceedsFromIssuanceOfLongTermDebt	us-gaap/2009		20080930	1	USD	0.0000	
0000092380-09-000048	ProceedsFromIssuanceOfLongTermDebt	us-gaap/2009		20080930	3	USD	600000000.0000	
0000092380-09-000048	ProceedsFromIssuanceOfLongTermDebt	us-gaap/2009		20090930	1	USD	124000000.0000	
0000092380-09-000048	ProceedsFromIssuanceOfLongTermDebt	us-gaap/2009		20090930	3	USD	456000000.0000	
0000092380-09-000048	ProceedsFromLinesOfCredit	us-gaap/2009		20080930	1	USD	0.0000	
0000092380-09-000048	ProceedsFromLinesOf
#@ Row 7, Column 1: String data, right truncation @#
rredIncomeTaxExpenseBenefit	us-gaap/2009		20090930	3	USD	80000000.0000	
0000097476-09-000041	DeferredTaxAssetsNetCurrent	us-gaap/2009		20081231	0	USD	695000000.0000	
0000097476-09-000041	DeferredTaxAssetsNetCurrent	us-gaap/2009		20090930	0	USD	592000000.0000	
0000097476-09-000041	DeferredTaxAssetsNetNoncurrent	us-gaap/2009		20081231	0	USD	990000000.0000	
0000097476-09-000041	DeferredTaxAssetsNetNoncurrent	us-gaap/2009		20090930	0	USD	928000000.0000	
0000097476-09-000041	DeferredTaxLiabilitiesNoncurrent	us	0	DeferredRevenueCurrent	us-gaap/2009		20090930	0	USD	139500000.0000	
0000097745-09-000050	DeferredTaxAssetsNetCurrent	us-gaap/2009		20081231	0	USD	161700000.0000	
0000097745-09-000050	DeferredTaxAssetsNetCurrent	us-gaap/2009		20090930	0	USD	162300000.0000	
0000097745-09-000050	DeferredTaxLiabilitiesNoncurrent	us-gaap/2009		20081231	0	USD	1994200000.0000	
0000097745-09-000050	DeferredTaxLiabilitiesNoncurrent	us-gaap/2009		20090930	0	USD	1873800000.0000	
0000097745-09-000050	DepreciationDepletionAndAmortiz	PreferredStockSharesAuthorized	us-gaap/2009		20081231	0	shares	50000.0000	
0000097745-09-000050	PreferredStockSharesAuthorized	us-gaap/2009		20090930	0	shares	50000.0000	
0000097745-09-000050	PreferredStockSharesIssued	us-gaap/2009		20081231	0	shares	0.0000	
0000097745-09-000050	PreferredStockSharesIssued	us-gaap/2009		20090930	0	shares	0.0000	
0000097745-09-000050	PreferredStockValue	us-gaap/2009		20081231	0	USD	0.0000	
0000097745-09-000050	PreferredStockValue	us-gaap/2009		20090930	0	USD	0.0000	
0000097	0080930	3	USD	188200000.0000	
0000097745-09-000050	ResearchAndDevelopmentExpenses	0000097745-09-000050		20090930	1	USD	60500000.0000	
0000097745-09-000050	ResearchAndDevelopmentExpenses	0000097745-09-000050		20090930	3	USD	176800000.0000	
0000097745-09-000050	RestructuringAndOtherCostsIncomeNet	0000097745-09-000050		20080930	1	USD	15400000.0000	
0000097745-09-000050	RestructuringAndOtherCostsIncomeNet	0000097745-09-000050		20080930	3	USD	14900000.0000	
0000097745-09-000050	RestructuringAndOtherCostsIncome	lentsDiscontinuedOperations	us-gaap/2009		20080930	3	USD	-10000000.0000	
0000101778-09-000123	EffectOfExchangeRateOnCashAndCashEquivalentsDiscontinuedOperations	us-gaap/2009		20090930	3	USD	-2000000.0000	
0000101778-09-000123	EmployeeRelatedLiabilitiesCurrent	us-gaap/2009		20081231	0	USD	400000000.0000	
0000101778-09-000123	EmployeeRelatedLiabilitiesCurrent	us-gaap/2009		20090930	0	USD	367000000.0000	
0000101778-09-000123	EquityMethodInvestments	us-gaap/2009		20081231	0	USD	2080000000.0000	
0000101778-09-	0	USD	441900000.0000	
0000107815-09-000062	IncomeLossFromContinuingOperations	us-gaap/2009		20080930	1	USD	76600000.0000	
0000107815-09-000062	IncomeLossFromContinuingOperations	us-gaap/2009		20080930	3	USD	257800000.0000	
0000107815-09-000062	IncomeLossFromContinuingOperations	us-gaap/2009		20090930	1	USD	58700000.0000	
0000107815-09-000062	IncomeLossFromContinuingOperations	us-gaap/2009		20090930	3	USD	263600000.0000	
0000107815-09-000062	IncomeLossFromContinuingOperationsBeforeIncomeTaxesMinorityIntere	nsNetOfTax	us-gaap/2009		20090930	3	USD	100000.0000	
0000107815-09-000062	IncomeLossFromDiscontinuedOperationsNetOfTaxPerBasicShare	us-gaap/2009		20080930	1	USD	0.0100	
0000107815-09-000062	IncomeLossFromDiscontinuedOperationsNetOfTaxPerBasicShare	us-gaap/2009		20080930	3	USD	0.0100	
0000107815-09-000062	IncomeLossFromDiscontinuedOperationsNetOfTaxPerBasicShare	us-gaap/2009		20090930	1	USD	0.0000	
0000107815-09-000062	IncomeLossFromDiscontinuedOperationsNetOfTaxPerBasicShare	us-gaap/2009		20090930	3	USD	0	600471579372532.7684	000.0000	
0000217346-09-000156	IncreaseDecreaseInInventories	us-gaap/2009	ParentCompany	20080930	3	USD	-787000000.0000	
0000217346-09-000156	IncreaseDecreaseInInventories	us-gaap/2009	ParentCompany	20090930	3	USD	368000000.0000	
0000217346-09-000156	IncreaseDecreaseInOtherOperatingAssets	us-gaap/2009	ParentCompany	20080930	3	USD	78000000.0000	
0000217346-09-000156	IncreaseDecreaseInOtherOperatingAssets	us-gaap/2009	ParentCompany	20090930	3	USD	-57000000.0000	
0000217346-09-000156	IncreaseDecreaseInOtherOp
#@ Row 8, Column 1: String data, right truncation @#
ntCompany	20090930	1	USD	42000000.0000	
0000217346-09-000156	RestructuringCharges	us-gaap/2009	ParentCompany	20090930	3	USD	203000000.0000	
0000217346-09-000156	RetainedEarningsAccumulatedDeficit	us-gaap/2009	ParentCompany	20081231	0	USD	3025000000.0000	
0000217346-09-000156	RetainedEarningsAccumulatedDeficit	us-gaap/2009	ParentCompany	20090930	0	USD	3042000000.0000	
0000217346-09-000156	Revenues	us-gaap/2009	ParentCompany	20080930	1	USD	3471000000.0000	
0000217346-09-000156	Revenues	us-gaap/2009	ParentCo	5-09-000043	SellingGeneralAndAdministrativeExpense	us-gaap/2009		20090930	3	USD	1414465000.0000	
0000277135-09-000043	ShareBasedCompensation	us-gaap/2009		20080930	3	USD	36655000.0000	
0000277135-09-000043	ShareBasedCompensation	us-gaap/2009		20090930	3	USD	33170000.0000	
0000277135-09-000043	ShortTermBorrowings	us-gaap/2009		20081231	0	USD	19960000.0000	
0000277135-09-000043	ShortTermBorrowings	us-gaap/2009		20090930	0	USD	33650000.0000	
0000277135-09-000043	StockholdersEquity	us-gaap/2009		20081231	0	US	-140000000.0000	
0000277948-09-000164	InterestExpense	us-gaap/2009		20090930	3	USD	-420000000.0000	
0000277948-09-000164	InvestmentInConrail	0000277948-09-000164		20081231	0	USD	609000000.0000	
0000277948-09-000164	InvestmentInConrail	0000277948-09-000164		20090930	0	USD	626000000.0000	
0000277948-09-000164	InvestmentsInAffiliatesSubsidiariesAssociatesAndJointVentures	us-gaap/2009		20081231	0	USD	406000000.0000	
0000277948-09-000164	InvestmentsInAffiliatesSubsidiariesAssociatesAndJointVentures	us-gaap/200	9-000164	MaterialsSuppliesAndOther	0000277948-09-000164		20090930	3	USD	1273000000.0000	
0000277948-09-000164	MinorityInterest	us-gaap/2009		20081231	0	USD	20000000.0000	
0000277948-09-000164	MinorityInterest	us-gaap/2009		20090930	0	USD	13000000.0000	
0000277948-09-000164	NetCashProvidedByUsedInFinancingActivities	us-gaap/2009		20080930	3	USD	-638000000.0000	
0000277948-09-000164	NetCashProvidedByUsedInFinancingActivities	us-gaap/2009		20090930	3	USD	-38000000.0000	
0000277948-09-000164	NetCashProvidedBy	tion	us-gaap/2009		20080930	1	USD	47000000.0000	
0000314808-09-000093	CostOfServicesDepreciation	us-gaap/2009		20080930	3	USD	139400000.0000	
0000314808-09-000093	CostOfServicesDepreciation	us-gaap/2009		20090930	1	USD	53300000.0000	
0000314808-09-000093	CostOfServicesDepreciation	us-gaap/2009		20090930	3	USD	149800000.0000	
0000314808-09-000093	CostsAndExpenses	us-gaap/2009		20080930	1	USD	247400000.0000	
0000314808-09-000093	CostsAndExpenses	us-gaap/2009		20080930	3	USD	747900000.0000	
0000314808-09-000	-000170	IncomeBeforeIncomeTaxes	0000702165-09-000170		20080930	1	USD	822000000.0000	
0000702165-09-000170	IncomeBeforeIncomeTaxes	0000702165-09-000170		20080930	3	USD	2031000000.0000	
0000702165-09-000170	IncomeBeforeIncomeTaxes	0000702165-09-000170		20090930	1	USD	481000000.0000	
0000702165-09-000170	IncomeBeforeIncomeTaxes	0000702165-09-000170		20090930	3	USD	1155000000.0000	
0000702165-09-000170	IncomeTaxesPaidNet	us-gaap/2009		20080930	3	USD	401000000.0000	
0000702165-09-000170	IncomeTaxesPaidNet	us-g	0000	
0000704051-09-000147	CommonStockValue	us-gaap/2009		20090331	0	USD	14185000.0000	
0000704051-09-000147	CommonStockValue	us-gaap/2009		20090930	0	USD	16133000.0000	
0000704051-09-000147	CommunicationsAndInformationTechnology	us-gaap/2009		20080930	1	USD	49085000.0000	
0000704051-09-000147	CommunicationsAndInformationTechnology	us-gaap/2009		20080930	2	USD	99371000.0000	
0000704051-09-000147	CommunicationsAndInformationTechnology	us-gaap/2009		20090930	1	USD	40538000.0000	
0000704051-09-000147	Communi	347232829622794.2455	-000147	InvestmentAdvisoryFeesSeparateAccounts	0000704051-09-000147		20080930	1	USD	283116000.0000	
0000704051-09-000147	InvestmentAdvisoryFeesSeparateAccounts	0000704051-09-000147		20080930	2	USD	599791000.0000	
0000704051-09-000147	InvestmentAdvisoryFeesSeparateAccounts	0000704051-09-000147		20090930	1	USD	206972000.0000	
0000704051-09-000147	InvestmentAdvisoryFeesSeparateAccounts	0000704051-09-000147		20090930	2	USD	397860000.0000	
0000704051-09-000147	InvestmentIncomeInterest	us-gaap/2009		20080930	1	
#@ Row 9, Column 1: String data, right truncation @#
		20080930	3	USD	0.0000	
0000708819-09-000020	StockIssuedDuringPeriodValueShareBasedCompensation	us-gaap/2009		20080930	3	USD	9849000.0000	
0000708819-09-000020	StockIssuedDuringPeriodValueShareBasedCompensation	us-gaap/2009		20090930	3	USD	11363000.0000	
0000708819-09-000020	StockIssuedDuringPeriodValueStockOptionsExercised	us-gaap/2009		20080930	3	USD	8069000.0000	
0000708819-09-000020	StockIssuedDuringPeriodValueStockOptionsExercised	us-gaap/2009		20090930	3	USD	713000.0000	
0000708819-09-000020	StockR	1	NetCashProvidedByUsedInOperatingActivities	us-gaap/2009		20090930	3	USD	25481000000.0000	
0000732717-09-000091	NetGainLossFromImpairmentAndSaleOfInvestments	0000732717-09-000091		20080930	3	USD	-2000000.0000	
0000732717-09-000091	NetGainLossFromImpairmentAndSaleOfInvestments	0000732717-09-000091		20090930	3	USD	89000000.0000	
0000732717-09-000091	NetIncomeLoss	us-gaap/2009		20080930	1	USD	3230000000.0000	
0000732717-09-000091	NetIncomeLoss	us-gaap/2009		20080930	3	USD	10463000000.0000	
0000732717-09-000	0	1	USD	126000000.0000	
0000751652-09-000059	DepreciationAndAmortization	us-gaap/2009		20080930	3	USD	351900000.0000	
0000751652-09-000059	DepreciationAndAmortization	us-gaap/2009		20090930	1	USD	168600000.0000	
0000751652-09-000059	DepreciationAndAmortization	us-gaap/2009		20090930	3	USD	510000000.0000	
0000751652-09-000059	DepreciationDepletionAndAmortization	us-gaap/2009		20080930	3	USD	357600000.0000	
0000751652-09-000059	DepreciationDepletionAndAmortization	us-gaap/2009		20090930	3	USD	516100000.0000	0	
0000751652-09-000059	PensionAndOtherPostretirementDefinedBenefitPlansLiabilitiesNoncurrent	us-gaap/2009		20090930	0	USD	253200000.0000	
0000751652-09-000059	PrepaidExpenseCurrent	us-gaap/2009		20081231	0	USD	55000000.0000	
0000751652-09-000059	PrepaidExpenseCurrent	us-gaap/2009		20090930	0	USD	86900000.0000	
0000751652-09-000059	ProceedsFromIssuanceOfCommonStock	us-gaap/2009		20080930	3	USD	5000000.0000	
0000751652-09-000059	ProceedsFromIssuanceOfCommonStock	us-gaap/2009		20090930	3	USD	11300000.0000	
	0753308-09-000122		20081231	0	USD	4000000.0000	
0000753308-09-000122	CurrentRegulatoryAssetsOther	0000753308-09-000122		20090930	0	USD	4000000.0000	
0000753308-09-000122	CurrentRegulatoryAssetsSecuritizedStormRecoveryCosts	0000753308-09-000122		20081231	0	USD	64000000.0000	
0000753308-09-000122	CurrentRegulatoryAssetsSecuritizedStormRecoveryCosts	0000753308-09-000122		20090930	0	USD	68000000.0000	
0000753308-09-000122	CurrentRegulatoryLiabilitiesDeferredClauseAndFranchiseRevenues	0000753308-09-000122		200	peratingExpenses	us-gaap/2009		20080930	1	USD	4071000000.0000	
0000753308-09-000122	OperatingExpenses	us-gaap/2009		20080930	3	USD	10334000000.0000	
0000753308-09-000122	OperatingExpenses	us-gaap/2009		20090930	1	USD	3624000000.0000	
0000753308-09-000122	OperatingExpenses	us-gaap/2009		20090930	3	USD	9951000000.0000	
0000753308-09-000122	OperatingIncomeLoss	us-gaap/2009		20080930	1	USD	1316000000.0000	
0000753308-09-000122	OperatingIncomeLoss	us-gaap/2009		20080930	3	USD	2073000000.0000	
0000753308-09-000	/2009		20080831	1	USD	97156000.0000	
0000796343-09-000032	GeneralAndAdministrativeExpense	us-gaap/2009		20080831	3	USD	257163000.0000	
0000796343-09-000032	GeneralAndAdministrativeExpense	us-gaap/2009		20090831	1	USD	79593000.0000	
0000796343-09-000032	GeneralAndAdministrativeExpense	us-gaap/2009		20090831	3	USD	224462000.0000	
0000796343-09-000032	Goodwill	us-gaap/2009		20081130	0	USD	2134730000.0000	
0000796343-09-000032	Goodwill	us-gaap/2009		20090831	0	USD	2125946000.0000	
0000796343-09-000032	GrossPr	347232829622767.9792	ndOtherIncome	0000797468-09-000100		20090930	1	USD	22000000.0000	
0000797468-09-000100	InterestDividendsAndOtherIncome	0000797468-09-000100		20090930	3	USD	80000000.0000	
0000797468-09-000100	InventoryNet	us-gaap/2009		20081231	0	USD	958000000.0000	
0000797468-09-000100	InventoryNet	us-gaap/2009		20090930	0	USD	1132000000.0000	
0000797468-09-000100	LiabilitiesAndStockholdersEquity	us-gaap/2009		20081231	0	USD	41537000000.0000	
0000797468-09-000100	LiabilitiesAndStockholdersEquity	us-gaap/2009		20090930	0	
#@ Row 10, Column 1: String data, right truncation @#
0	RetainedEarningsAccumulatedDeficit	us-gaap/2009		20081231	0	USD	24684000000.0000	
0000797468-09-000100	RetainedEarningsAccumulatedDeficit	us-gaap/2009		20090930	0	USD	25864000000.0000	
0000797468-09-000100	RevenuesOperatingAndNonoperating	0000797468-09-000100		20080930	1	USD	7119000000.0000	
0000797468-09-000100	RevenuesOperatingAndNonoperating	0000797468-09-000100		20080930	3	USD	20413000000.0000	
0000797468-09-000100	RevenuesOperatingAndNonoperating	0000797468-09-000100		20090930	1	USD	4126000000.0000	ionsNetOfTaxPerBasicShare	us-gaap/2009		20091031	4	USD	0.0000	
0000801898-09-000167	IncomeLossFromDiscontinuedOperationsNetOfTaxPerDilutedShare	us-gaap/2009		20071031	4	USD	0.0000	
0000801898-09-000167	IncomeLossFromDiscontinuedOperationsNetOfTaxPerDilutedShare	us-gaap/2009		20081031	4	USD	0.0100	
0000801898-09-000167	IncomeLossFromDiscontinuedOperationsNetOfTaxPerDilutedShare	us-gaap/2009		20091031	4	USD	0.0000	
0000801898-09-000167	IncomeTaxesPaid	us-gaap/2009		20071031	4	USD	69948000.0000	
0000801898-0	00	
0000818479-09-000152	NetCashProvidedByUsedInInvestingActivities	us-gaap/2009		20090930	3	USD	-44034000.0000	
0000818479-09-000152	NetCashProvidedByUsedInOperatingActivities	us-gaap/2009		20080930	3	USD	236843000.0000	
0000818479-09-000152	NetCashProvidedByUsedInOperatingActivities	us-gaap/2009		20090930	3	USD	245364000.0000	
0000818479-09-000152	NetIncomeLoss	us-gaap/2009		20080930	1	USD	66047000.0000	
0000818479-09-000152	NetIncomeLoss	us-gaap/2009		20080930	3	USD	212874000.0000	
0000818479-09-000152	000821189-09-000067	AccountsReceivableNetCurrent	us-gaap/2009		20081231	0	USD	722695000.0000	
0000821189-09-000067	AccountsReceivableNetCurrent	us-gaap/2009		20090930	0	USD	604260000.0000	
0000821189-09-000067	AccumulatedDepreciationDepletionAndAmortizationPropertyPlantAndEquipment	us-gaap/2009		20081231	0	USD	8204215000.0000	
0000821189-09-000067	AccumulatedDepreciationDepletionAndAmortizationPropertyPlantAndEquipment	us-gaap/2009		20090930	0	USD	9524312000.0000	
0000821189-09-000067	AccumulatedOtherComp	nAccruedIncomeTaxesPayable	us-gaap/2009		20090930	3	USD	-17955000.0000	
0000821189-09-000067	IncreaseDecreaseInInventories	us-gaap/2009		20080930	3	USD	-45354000.0000	
0000821189-09-000067	IncreaseDecreaseInInventories	us-gaap/2009		20090930	3	USD	-23592000.0000	
0000821189-09-000067	IncreaseDecreaseInOtherOperatingAssets	us-gaap/2009		20080930	3	USD	-18756000.0000	
0000821189-09-000067	IncreaseDecreaseInOtherOperatingAssets	us-gaap/2009		20090930	3	USD	-4255000.0000	
0000821189-09-000067	IncreaseDecrease	ferredIncomeTaxesAndTaxCredits	us-gaap/2009		20080930	2	USD	8534000.0000	
0000827054-09-000214	DeferredIncomeTaxesAndTaxCredits	us-gaap/2009		20090930	2	USD	5545000.0000	
0000827054-09-000214	DeferredRevenueCurrent	us-gaap/2009		20090331	0	USD	83931000.0000	
0000827054-09-000214	DeferredRevenueCurrent	us-gaap/2009		20090930	0	USD	86261000.0000	
0000827054-09-000214	DeferredTaxAssetsNetCurrent	us-gaap/2009		20090331	0	USD	75681000.0000	As adjusted due to the adoption of ASC subtopic 470-20, Debt with Conve	eTaxesMinorityInterestAndIncomeLossFromEquityMethodInvestments	us-gaap/2009		20090930	1	USD	1884000000.0000	
0000831259-09-000098	IncomeLossFromContinuingOperationsBeforeIncomeTaxesMinorityInterestAndIncomeLossFromEquityMethodInvestments	us-gaap/2009		20090930	3	USD	3758000000.0000	
0000831259-09-000098	IncomeLossFromEquityMethodInvestments	us-gaap/2009		20080930	1	USD	2000000.0000	
0000831259-09-000098	IncomeLossFromEquityMethodInvestments	us-gaap/2009		20080930	3	USD	16000000.0000	
0000831259-09-000098		824592202838456.9701	nts	us-gaap/2009		20080930	3	USD	87600000.0000	
0000874016-09-000059	IncomeLossFromContinuingOperationsBeforeIncomeTaxesMinorityInterestAndIncomeLossFromEquityMethodInvestments	us-gaap/2009		20090930	1	USD	47100000.0000	
0000874016-09-000059	IncomeLossFromContinuingOperationsBeforeIncomeTaxesMinorityInterestAndIncomeLossFromEquityMethodInvestments	us-gaap/2009		20090930	3	USD	67700000.0000	
0000874016-09-000059	IncomeLossFromContinuingOperationsIncludingPortionAttributableToNoncontrollingInterest	us-gaap/
